<?xml version="1.0" encoding="UTF-8"?>
<!-- Generated by org.testng.reporters.JUnitReportReporter -->
<testsuite hostname="DESKTOP-KSG1GFN" failures="0" tests="1" name="scripts.ValidLogIn" time="10.609" errors="0" timestamp="2024-12-16T20:30:09 IST" skipped="0">
  <testcase classname="scripts.ValidLogIn" name="testValidLogin" time="10.609">
    <system-out>
      <![CDATA[HomePage is displayed]]>
    </system-out>
  </testcase> <!-- testValidLogin -->
  <system-out>
    <![CDATA[HomePage is displayed]]>
  </system-out>
</testsuite> <!-- scripts.ValidLogIn -->
