<?xml version="1.0" encoding="UTF-8"?>
<!-- Generated by org.testng.reporters.JUnitReportReporter -->
<testsuite hostname="DESKTOP-KSG1GFN" failures="0" tests="1" name="scripts.TC1" time="12.303" errors="0" timestamp="2024-07-30T12:02:50 IST" skipped="0">
  <testcase classname="scripts.TC1" name="test1" time="12.303"/>
</testsuite> <!-- scripts.TC1 -->
