<?xml version="1.0" encoding="UTF-8"?>
<!-- Generated by org.testng.reporters.JUnitReportReporter -->
<testsuite hostname="DESKTOP-KSG1GFN" failures="0" tests="1" name="scripts.InvalidLogin" time="8.550" errors="0" timestamp="2024-12-17T10:40:22 IST" skipped="0">
  <testcase classname="scripts.InvalidLogin" name="testInvalidLogin" time="8.550">
    <system-out>
      <![CDATA[Err Msg is displayed]]>
    </system-out>
  </testcase> <!-- testInvalidLogin -->
  <system-out>
    <![CDATA[Err Msg is displayed]]>
  </system-out>
</testsuite> <!-- scripts.InvalidLogin -->
